{"C:\\Users\\user\\Desktop\\ideeCode\\testing\\simpleSumTestJest\\multiplication.js": {"path":"C:\\Users\\user\\Desktop\\ideeCode\\testing\\simpleSumTestJest\\multiplication.js","statementMap":{"0":{"start":{"line":1,"column":12},"end":{"line":1,"column":27}},"1":{"start":{"line":1,"column":22},"end":{"line":1,"column":27}},"2":{"start":{"line":2,"column":0},"end":{"line":2,"column":22}}},"fnMap":{"0":{"name":"(anonymous_0)","decl":{"start":{"line":1,"column":12},"end":{"line":1,"column":13}},"loc":{"start":{"line":1,"column":22},"end":{"line":1,"column":27}},"line":1}},"branchMap":{},"s":{"0":1,"1":1,"2":1},"f":{"0":1},"b":{},"_coverageSchema":"1a1c01bbd47fc00a2c39e90264f33305004495a9","hash":"abbebf5e6c115a670790497f4f741154e3dd8b33"}
,"C:\\Users\\user\\Desktop\\ideeCode\\testing\\simpleSumTestJest\\sum.js": {"path":"C:\\Users\\user\\Desktop\\ideeCode\\testing\\simpleSumTestJest\\sum.js","statementMap":{"0":{"start":{"line":1,"column":10},"end":{"line":1,"column":25}},"1":{"start":{"line":1,"column":20},"end":{"line":1,"column":25}},"2":{"start":{"line":2,"column":0},"end":{"line":2,"column":20}}},"fnMap":{"0":{"name":"(anonymous_0)","decl":{"start":{"line":1,"column":10},"end":{"line":1,"column":11}},"loc":{"start":{"line":1,"column":20},"end":{"line":1,"column":25}},"line":1}},"branchMap":{},"s":{"0":1,"1":1,"2":1},"f":{"0":1},"b":{},"_coverageSchema":"1a1c01bbd47fc00a2c39e90264f33305004495a9","hash":"b40aaf1cc288049d1af913955660c4f603387755"}
}
